<?xml version="1.0" encoding="UTF-8"?>
<!-- Generated by org.testng.reporters.JUnitXMLReporter -->
<testsuite hostname="Avinashs-MacBook-Pro.local" ignored="0" name="Default test" tests="4" failures="0" timestamp="25 Jan 2019 17:30:22 GMT" time="0.382" errors="0">
  <testcase name="m1" time="0.016" classname="TestCases.SampleTest"/>
  <testcase name="m1" time="0.004" classname="TestCases.SampleTest"/>
  <testcase name="m1" time="0.002" classname="TestCases.SampleTest"/>
  <testcase name="m1" time="0.003" classname="TestCases.SampleTest"/>
</testsuite> <!-- Default test -->
