<?xml version="1.0" encoding="UTF-8"?>
<testng-results skipped="0" failed="0" ignored="0" total="4" passed="4">
  <reporter-output>
  </reporter-output>
  <suite name="Default suite" duration-ms="382" started-at="2019-01-25T17:30:22Z" finished-at="2019-01-25T17:30:22Z">
    <groups>
    </groups>
    <test name="Default test" duration-ms="382" started-at="2019-01-25T17:30:22Z" finished-at="2019-01-25T17:30:22Z">
      <class name="TestCases.SampleTest">
        <test-method status="PASS" signature="m1(java.lang.String, java.lang.String, java.lang.String, java.lang.String)[pri:0, instance:TestCases.SampleTest@5ae9a829]" name="m1" duration-ms="16" started-at="2019-01-25T17:30:22Z" data-provider="BasicInfoProvider" finished-at="2019-01-25T17:30:22Z">
          <params>
            <param index="0">
              <value>
                <![CDATA[Sr. No]]>
              </value>
            </param>
            <param index="1">
              <value>
                <![CDATA[Name]]>
              </value>
            </param>
            <param index="2">
              <value>
                <![CDATA[Phone Number]]>
              </value>
            </param>
            <param index="3">
              <value>
                <![CDATA[City]]>
              </value>
            </param>
          </params>
          <reporter-output>
          </reporter-output>
        </test-method> <!-- m1 -->
        <test-method status="PASS" signature="m1(java.lang.String, java.lang.String, java.lang.String, java.lang.String)[pri:0, instance:TestCases.SampleTest@5ae9a829]" name="m1" duration-ms="4" started-at="2019-01-25T17:30:22Z" data-provider="BasicInfoProvider" finished-at="2019-01-25T17:30:22Z">
          <params>
            <param index="0">
              <value>
                <![CDATA[1]]>
              </value>
            </param>
            <param index="1">
              <value>
                <![CDATA[Avinash]]>
              </value>
            </param>
            <param index="2">
              <value>
                <![CDATA[997050033]]>
              </value>
            </param>
            <param index="3">
              <value>
                <![CDATA[Pune]]>
              </value>
            </param>
          </params>
          <reporter-output>
          </reporter-output>
        </test-method> <!-- m1 -->
        <test-method status="PASS" signature="m1(java.lang.String, java.lang.String, java.lang.String, java.lang.String)[pri:0, instance:TestCases.SampleTest@5ae9a829]" name="m1" duration-ms="2" started-at="2019-01-25T17:30:22Z" data-provider="BasicInfoProvider" finished-at="2019-01-25T17:30:22Z">
          <params>
            <param index="0">
              <value>
                <![CDATA[2]]>
              </value>
            </param>
            <param index="1">
              <value>
                <![CDATA[Sachin]]>
              </value>
            </param>
            <param index="2">
              <value>
                <![CDATA[857908767]]>
              </value>
            </param>
            <param index="3">
              <value>
                <![CDATA[Mumbai]]>
              </value>
            </param>
          </params>
          <reporter-output>
          </reporter-output>
        </test-method> <!-- m1 -->
        <test-method status="PASS" signature="m1(java.lang.String, java.lang.String, java.lang.String, java.lang.String)[pri:0, instance:TestCases.SampleTest@5ae9a829]" name="m1" duration-ms="3" started-at="2019-01-25T17:30:22Z" data-provider="BasicInfoProvider" finished-at="2019-01-25T17:30:22Z">
          <params>
            <param index="0">
              <value>
                <![CDATA[3]]>
              </value>
            </param>
            <param index="1">
              <value>
                <![CDATA[Xavier]]>
              </value>
            </param>
            <param index="2">
              <value>
                <![CDATA[785883989]]>
              </value>
            </param>
            <param index="3">
              <value>
                <![CDATA[Kolkata]]>
              </value>
            </param>
          </params>
          <reporter-output>
          </reporter-output>
        </test-method> <!-- m1 -->
      </class> <!-- TestCases.SampleTest -->
    </test> <!-- Default test -->
  </suite> <!-- Default suite -->
</testng-results>
